\BOOKMARK [1][-]{section.1}{Einleitung}{}% 1
\BOOKMARK [1][-]{section.2}{Theorie}{}% 2
\BOOKMARK [2][-]{subsection.2.1}{Der Doppler-Effekt im Medium bzw. ohne Medium}{section.2}% 3
\BOOKMARK [2][-]{subsection.2.2}{ruhende Quelle, bewegter Empf\344nger}{section.2}% 4
\BOOKMARK [2][-]{subsection.2.3}{bewegte Quelle, ruhender Empf\344nger}{section.2}% 5
\BOOKMARK [1][-]{section.3}{Durchf\374hrung}{}% 6
\BOOKMARK [2][-]{subsection.3.1}{Messung der Wagengeschwindigkeit}{section.3}% 7
\BOOKMARK [2][-]{subsection.3.2}{Messung der Schallgeschwindigkeit c}{section.3}% 8
\BOOKMARK [2][-]{subsection.3.3}{Messung der Frequenz}{section.3}% 9
\BOOKMARK [2][-]{subsection.3.4}{Messung der Frequenzdifferenz mittels Schwebung}{section.3}% 10
\BOOKMARK [2][-]{subsection.3.5}{Schematischer Aufbau f\374r verschiedener Versuchsteile}{section.3}% 11
\BOOKMARK [1][-]{section.4}{Auswertung}{}% 12
\BOOKMARK [2][-]{subsection.4.1}{Direkte Bestimmung der Ruhewellenl\344nge}{section.4}% 13
\BOOKMARK [2][-]{subsection.4.2}{Bestimmung der Wagengeschwindigkeiten}{section.4}% 14
\BOOKMARK [2][-]{subsection.4.3}{Bestimmung von Ruhefrequenz und Schallgeschwindigkeit}{section.4}% 15
\BOOKMARK [2][-]{subsection.4.4}{Direkte Bestimmung der Frequenz\344nderung}{section.4}% 16
\BOOKMARK [2][-]{subsection.4.5}{Bestimmung der Frequenz\344nderung mit der Schwebungsmethode}{section.4}% 17
\BOOKMARK [2][-]{subsection.4.6}{Beurteilung der Messergebnisse durch einen t-Test}{section.4}% 18
\BOOKMARK [2][-]{subsection.4.7}{Fehlerrechnung}{section.4}% 19
\BOOKMARK [1][-]{section.5}{Diskussion}{}% 20
