\BOOKMARK [1][-]{section.1}{Einleitung}{}% 1
\BOOKMARK [1][-]{section.2}{Theorie}{}% 2
\BOOKMARK [2][-]{subsection.2.1}{Ablenkung des Strahls im elektrischen Feld}{section.2}% 3
\BOOKMARK [2][-]{subsection.2.2}{Ablenkung des Strahls im magnetischen Feld}{section.2}% 4
\BOOKMARK [1][-]{section.3}{Durchf\374hrung}{}% 5
\BOOKMARK [2][-]{subsection.3.1}{Aufbau}{section.3}% 6
\BOOKMARK [3][-]{subsubsection.3.1.1}{Erzeugung des Elektronenstrahls in der Kathodenstrahlr\366hre}{subsection.3.1}% 7
\BOOKMARK [3][-]{subsubsection.3.1.2}{Die Elektronenkanone}{subsection.3.1}% 8
\BOOKMARK [3][-]{subsubsection.3.1.3}{Die Ablenkplatten und der Leuchtschirm}{subsection.3.1}% 9
\BOOKMARK [3][-]{subsubsection.3.1.4}{Helmholtz-Spulen-Anordnung}{subsection.3.1}% 10
\BOOKMARK [2][-]{subsection.3.2}{E-Feld}{section.3}% 11
\BOOKMARK [2][-]{subsection.3.3}{B-Feld}{section.3}% 12
\BOOKMARK [2][-]{subsection.3.4}{Bestimmung der St\344rke des Erdmagnetfeldes}{section.3}% 13
\BOOKMARK [1][-]{section.4}{Auswertung}{}% 14
\BOOKMARK [2][-]{subsection.4.1}{Auswertung des Versuchs Elektronen im elektrischen Feld}{section.4}% 15
\BOOKMARK [3][-]{subsubsection.4.1.1}{Ablenkung von Elektronen im elektrischen Feld}{subsection.4.1}% 16
\BOOKMARK [3][-]{subsubsection.4.1.2}{Stehende Sinuswellen am Oszilloskop}{subsection.4.1}% 17
\BOOKMARK [2][-]{subsection.4.2}{Auswertung des Versuchs Elektronen im magnetischen Feld}{section.4}% 18
\BOOKMARK [3][-]{subsubsection.4.2.1}{Ablenkung von Elektronen im magnetischen Feld}{subsection.4.2}% 19
\BOOKMARK [3][-]{subsubsection.4.2.2}{Bestimmung der Intensit\344t des Magnefeldes}{subsection.4.2}% 20
\BOOKMARK [2][-]{subsection.4.3}{Fehlerrechnung}{section.4}% 21
\BOOKMARK [1][-]{section.5}{Diskussion}{}% 22
